{"numFailedTestSuites":0,"numFailedTests":0,"numPassedTestSuites":2,"numPassedTests":48,"numPendingTestSuites":0,"numPendingTests":1,"numRuntimeErrorTestSuites":0,"numTodoTests":0,"numTotalTestSuites":2,"numTotalTests":49,"openHandles":[],"snapshot":{"added":0,"didUpdate":false,"failure":false,"filesAdded":0,"filesRemoved":0,"filesUnmatched":0,"filesUpdated":0,"matched":0,"total":0,"unchecked":0,"uncheckedKeysByFile":[],"unmatched":0,"updated":0},"startTime":1571677931470,"success":true,"testResults":[{"assertionResults":[{"ancestorTitles":["Default behaviour"],"failureMessages":[],"fullName":"Default behaviour renders a div by default","location":null,"status":"passed","title":"renders a div by default"},{"ancestorTitles":["Default behaviour"],"failureMessages":[],"fullName":"Default behaviour sets contentEditable","location":null,"status":"passed","title":"sets contentEditable"},{"ancestorTitles":["Default behaviour"],"failureMessages":[],"fullName":"Default behaviour sets a default style","location":null,"status":"passed","title":"sets a default style"},{"ancestorTitles":["Default behaviour"],"failureMessages":[],"fullName":"Default behaviour onInput sets state.value","location":null,"status":"passed","title":"onInput sets state.value"},{"ancestorTitles":["Default behaviour"],"failureMessages":[],"fullName":"Default behaviour onFocus sets state.isFocused","location":null,"status":"passed","title":"onFocus sets state.isFocused"},{"ancestorTitles":["Default behaviour"],"failureMessages":[],"fullName":"Default behaviour onBlur sets state.isFocused","location":null,"status":"passed","title":"onBlur sets state.isFocused"},{"ancestorTitles":["Handles props"],"failureMessages":[],"fullName":"Handles props renders a tagName","location":null,"status":"passed","title":"renders a tagName"},{"ancestorTitles":["Handles props"],"failureMessages":[],"fullName":"Handles props spreads in the style prop","location":null,"status":"passed","title":"spreads in the style prop"},{"ancestorTitles":["Handles props"],"failureMessages":[],"fullName":"Handles props renders the props.content","location":null,"status":"passed","title":"renders the props.content"},{"ancestorTitles":["Handles props"],"failureMessages":[],"fullName":"Handles props renders an updated props.content","location":null,"status":"passed","title":"renders an updated props.content"},{"ancestorTitles":["Handles props"],"failureMessages":[],"fullName":"Handles props toggles \"contentEditable\" when props.editable={false}","location":null,"status":"passed","title":"toggles \"contentEditable\" when props.editable={false}"},{"ancestorTitles":["Handles props"],"failureMessages":[],"fullName":"Handles props attributes and customProps are passed down","location":null,"status":"passed","title":"attributes and customProps are passed down"},{"ancestorTitles":["Handles props"],"failureMessages":[],"fullName":"Handles props props.content change updates state","location":null,"status":"passed","title":"props.content change updates state"},{"ancestorTitles":["Handles props"],"failureMessages":[],"fullName":"Handles props props.focus sets focus on update","location":null,"status":"passed","title":"props.focus sets focus on update"},{"ancestorTitles":["Handles props"],"failureMessages":[],"fullName":"Handles props renders the props.content respecting maxLength={5} on mount","location":null,"status":"passed","title":"renders the props.content respecting maxLength={5} on mount"},{"ancestorTitles":["Handles props"],"failureMessages":[],"fullName":"Handles props props.focus sets default value for state.caretPosition on mount","location":null,"status":"passed","title":"props.focus sets default value for state.caretPosition on mount"},{"ancestorTitles":["Handles props"],"failureMessages":[],"fullName":"Handles props props.focus & props.caretPosition=end sets state.caretPosition on mount","location":null,"status":"passed","title":"props.focus & props.caretPosition=end sets state.caretPosition on mount"},{"ancestorTitles":["Handles props"],"failureMessages":[],"fullName":"Handles props props.caretPosition sets state.caretPosition on update","location":null,"status":"passed","title":"props.caretPosition sets state.caretPosition on update"},{"ancestorTitles":["Handles props"],"failureMessages":[],"fullName":"Handles props props.focus=false sets state.caretPosition=null on mount","location":null,"status":"passed","title":"props.focus=false sets state.caretPosition=null on mount"},{"ancestorTitles":["Handles props"],"failureMessages":[],"fullName":"Handles props props.focus=false sets state.caretPosition=null on update","location":null,"status":"passed","title":"props.focus=false sets state.caretPosition=null on update"},{"ancestorTitles":["Handles selections"],"failureMessages":[],"fullName":"Handles selections sets state.caretPosition correctly when rangeCount > 0","location":null,"status":"passed","title":"sets state.caretPosition correctly when rangeCount > 0"},{"ancestorTitles":["Sanitisation"],"failureMessages":[],"fullName":"Sanitisation does not sanitise when props.sanitise={false}","location":null,"status":"passed","title":"does not sanitise when props.sanitise={false}"},{"ancestorTitles":["Sanitisation"],"failureMessages":[],"fullName":"Sanitisation removes &nbsp;","location":null,"status":"passed","title":"removes &nbsp;"},{"ancestorTitles":["Sanitisation"],"failureMessages":[],"fullName":"Sanitisation trims leading & trailing whitespace of each line","location":null,"status":"passed","title":"trims leading & trailing whitespace of each line"},{"ancestorTitles":["Sanitisation"],"failureMessages":[],"fullName":"Sanitisation removes multiple spaces","location":null,"status":"passed","title":"removes multiple spaces"},{"ancestorTitles":["Sanitisation"],"failureMessages":[],"fullName":"Sanitisation replaces line terminator characters with a space","location":null,"status":"passed","title":"replaces line terminator characters with a space"},{"ancestorTitles":["Sanitisation"],"failureMessages":[],"fullName":"Sanitisation value trimmed when maxLength exceeded","location":null,"status":"passed","title":"value trimmed when maxLength exceeded"},{"ancestorTitles":["Sanitisation"],"failureMessages":[],"fullName":"Sanitisation replaces unicode spaces","location":null,"status":"passed","title":"replaces unicode spaces"},{"ancestorTitles":["Sanitisation"],"failureMessages":[],"fullName":"Sanitisation calls sanitise prop when provided","location":null,"status":"passed","title":"calls sanitise prop when provided"},{"ancestorTitles":["Sanitisation","with props.multiLine"],"failureMessages":[],"fullName":"Sanitisation with props.multiLine limits consecutive line terminator characters to a maximum of 2","location":null,"status":"passed","title":"limits consecutive line terminator characters to a maximum of 2"},{"ancestorTitles":["Sanitisation","with props.multiLine"],"failureMessages":[],"fullName":"Sanitisation with props.multiLine removes multiple spaces maintaining newlines","location":null,"status":"passed","title":"removes multiple spaces maintaining newlines"},{"ancestorTitles":["Sanitisation","with props.multiLine"],"failureMessages":[],"fullName":"Sanitisation with props.multiLine replaces ASCII spaces and feeds","location":null,"status":"passed","title":"replaces ASCII spaces and feeds"},{"ancestorTitles":["Sanitisation","with props.multiLine","Failing tests to fix in component"],"failureMessages":[],"fullName":"Sanitisation with props.multiLine Failing tests to fix in component protects against XSS input","location":null,"status":"pending","title":"protects against XSS input"},{"ancestorTitles":["Calls handlers"],"failureMessages":[],"fullName":"Calls handlers props.onBlur called","location":null,"status":"passed","title":"props.onBlur called"},{"ancestorTitles":["Calls handlers"],"failureMessages":[],"fullName":"Calls handlers props.onChange called","location":null,"status":"passed","title":"props.onChange called"},{"ancestorTitles":["Calls handlers"],"failureMessages":[],"fullName":"Calls handlers props.onKeyDown called","location":null,"status":"passed","title":"props.onKeyDown called"},{"ancestorTitles":["Calls handlers"],"failureMessages":[],"fullName":"Calls handlers props.onKeyUp called","location":null,"status":"passed","title":"props.onKeyUp called"},{"ancestorTitles":["Calls handlers"],"failureMessages":[],"fullName":"Calls handlers onKeyDown event.preventDefault called when maxLength exceeded","location":null,"status":"passed","title":"onKeyDown event.preventDefault called when maxLength exceeded"},{"ancestorTitles":["Calls handlers"],"failureMessages":[],"fullName":"Calls handlers onKeyDown (enter) handles caret with multiLine value","location":null,"status":"passed","title":"onKeyDown (enter) handles caret with multiLine value"},{"ancestorTitles":["Calls handlers"],"failureMessages":[],"fullName":"Calls handlers onKeyDown (enter) handles caret with multiLine at end of value","location":null,"status":"passed","title":"onKeyDown (enter) handles caret with multiLine at end of value"},{"ancestorTitles":["Calls handlers"],"failureMessages":[],"fullName":"Calls handlers onKeyDown (enter) handles caret (at linebreak) with multiLine value","location":null,"status":"passed","title":"onKeyDown (enter) handles caret (at linebreak) with multiLine value"},{"ancestorTitles":["Calls handlers"],"failureMessages":[],"fullName":"Calls handlers onKeyDown (enter) triggers blur when props.multiLine = false","location":null,"status":"passed","title":"onKeyDown (enter) triggers blur when props.multiLine = false"},{"ancestorTitles":["Calls handlers"],"failureMessages":[],"fullName":"Calls handlers props.onChange not called when maxLength exceeded","location":null,"status":"passed","title":"props.onChange not called when maxLength exceeded"},{"ancestorTitles":["Calls handlers"],"failureMessages":[],"fullName":"Calls handlers props.onPaste called","location":null,"status":"passed","title":"props.onPaste called"}],"endTime":1571677932325,"message":"","name":"/Users/ashley/Projects/libraries/react-sane-contenteditable/src/__tests__/react-sane-contenteditable.test.tsx","startTime":1571677931477,"status":"passed","summary":""},{"assertionResults":[{"ancestorTitles":["isFunction"],"failureMessages":[],"fullName":"isFunction returns true when value is a function","location":null,"status":"passed","title":"returns true when value is a function"},{"ancestorTitles":["isFunction"],"failureMessages":[],"fullName":"isFunction returns false when value is not a function","location":null,"status":"passed","title":"returns false when value is not a function"},{"ancestorTitles":["omit"],"failureMessages":[],"fullName":"omit returns object with omitted key/values","location":null,"status":"passed","title":"returns object with omitted key/values"},{"ancestorTitles":["omit"],"failureMessages":[],"fullName":"omit returns same object when omitted key are not present","location":null,"status":"passed","title":"returns same object when omitted key are not present"},{"ancestorTitles":["omit"],"failureMessages":[],"fullName":"omit returns same object when key argument is missing","location":null,"status":"passed","title":"returns same object when key argument is missing"}],"endTime":1571677932478,"message":"","name":"/Users/ashley/Projects/libraries/react-sane-contenteditable/src/__tests__/utils.test.ts","startTime":1571677932352,"status":"passed","summary":""}],"wasInterrupted":false,"coverageMap":{"/Users/ashley/Projects/libraries/react-sane-contenteditable/src/react-sane-contenteditable.tsx":{"path":"/Users/ashley/Projects/libraries/react-sane-contenteditable/src/react-sane-contenteditable.tsx","statementMap":{"0":{"start":{"line":36,"column":18},"end":{"line":53,"column":1}},"1":{"start":{"line":55,"column":17},"end":{"line":55,"column":39}},"2":{"start":{"line":61,"column":24},"end":{"line":76,"column":3}},"3":{"start":{"line":82,"column":4},"end":{"line":82,"column":17}},"4":{"start":{"line":84,"column":4},"end":{"line":88,"column":6}},"5":{"start":{"line":90,"column":4},"end":{"line":90,"column":33}},"6":{"start":{"line":91,"column":4},"end":{"line":91,"column":45}},"7":{"start":{"line":95,"column":22},"end":{"line":95,"column":32}},"8":{"start":{"line":97,"column":4},"end":{"line":100,"column":5}},"9":{"start":{"line":98,"column":6},"end":{"line":98,"column":30}},"10":{"start":{"line":99,"column":6},"end":{"line":99,"column":31}},"11":{"start":{"line":104,"column":46},"end":{"line":104,"column":56}},"12":{"start":{"line":105,"column":32},"end":{"line":105,"column":102}},"13":{"start":{"line":106,"column":26},"end":{"line":106,"column":55}},"14":{"start":{"line":108,"column":4},"end":{"line":118,"column":5}},"15":{"start":{"line":109,"column":6},"end":{"line":117,"column":8}},"16":{"start":{"line":115,"column":10},"end":{"line":115,"column":34}},"17":{"start":{"line":122,"column":4},"end":{"line":122,"column":93}},"18":{"start":{"line":126,"column":26},"end":{"line":126,"column":41}},"19":{"start":{"line":127,"column":18},"end":{"line":127,"column":44}},"20":{"start":{"line":129,"column":4},"end":{"line":129,"column":47}},"21":{"start":{"line":130,"column":4},"end":{"line":130,"column":70}},"22":{"start":{"line":132,"column":4},"end":{"line":132,"column":35}},"23":{"start":{"line":136,"column":37},"end":{"line":136,"column":47}},"24":{"start":{"line":138,"column":16},"end":{"line":138,"column":34}},"25":{"start":{"line":139,"column":16},"end":{"line":139,"column":41}},"26":{"start":{"line":141,"column":4},"end":{"line":141,"column":37}},"27":{"start":{"line":145,"column":18},"end":{"line":145,"column":33}},"28":{"start":{"line":148,"column":4},"end":{"line":148,"column":100}},"29":{"start":{"line":149,"column":4},"end":{"line":149,"column":21}},"30":{"start":{"line":150,"column":4},"end":{"line":150,"column":37}},"31":{"start":{"line":151,"column":4},"end":{"line":151,"column":35}},"32":{"start":{"line":155,"column":26},"end":{"line":155,"column":82}},"33":{"start":{"line":156,"column":4},"end":{"line":156,"column":46}},"34":{"start":{"line":159,"column":18},"end":{"line":166,"column":3}},"35":{"start":{"line":160,"column":39},"end":{"line":160,"column":54}},"36":{"start":{"line":162,"column":19},"end":{"line":162,"column":50}},"37":{"start":{"line":163,"column":19},"end":{"line":163,"column":45}},"38":{"start":{"line":165,"column":4},"end":{"line":165,"column":52}},"39":{"start":{"line":169,"column":47},"end":{"line":169,"column":52}},"40":{"start":{"line":171,"column":4},"end":{"line":173,"column":5}},"41":{"start":{"line":172,"column":6},"end":{"line":172,"column":19}},"42":{"start":{"line":175,"column":4},"end":{"line":177,"column":5}},"43":{"start":{"line":176,"column":6},"end":{"line":176,"column":62}},"44":{"start":{"line":179,"column":20},"end":{"line":184,"column":57}},"45":{"start":{"line":186,"column":4},"end":{"line":196,"column":5}},"46":{"start":{"line":187,"column":6},"end":{"line":195,"column":20}},"47":{"start":{"line":194,"column":21},"end":{"line":194,"column":32}},"48":{"start":{"line":198,"column":4},"end":{"line":201,"column":6}},"49":{"start":{"line":204,"column":11},"end":{"line":213,"column":3}},"50":{"start":{"line":205,"column":22},"end":{"line":205,"column":32}},"51":{"start":{"line":206,"column":23},"end":{"line":206,"column":33}},"52":{"start":{"line":208,"column":4},"end":{"line":208,"column":40}},"53":{"start":{"line":210,"column":4},"end":{"line":212,"column":5}},"54":{"start":{"line":211,"column":6},"end":{"line":211,"column":27}},"55":{"start":{"line":215,"column":12},"end":{"line":223,"column":3}},"56":{"start":{"line":216,"column":24},"end":{"line":216,"column":34}},"57":{"start":{"line":218,"column":4},"end":{"line":218,"column":39}},"58":{"start":{"line":220,"column":4},"end":{"line":222,"column":5}},"59":{"start":{"line":221,"column":6},"end":{"line":221,"column":21}},"60":{"start":{"line":225,"column":12},"end":{"line":248,"column":3}},"61":{"start":{"line":226,"column":26},"end":{"line":226,"column":36}},"62":{"start":{"line":227,"column":26},"end":{"line":227,"column":38}},"63":{"start":{"line":229,"column":4},"end":{"line":231,"column":5}},"64":{"start":{"line":230,"column":6},"end":{"line":230,"column":13}},"65":{"start":{"line":233,"column":4},"end":{"line":247,"column":6}},"66":{"start":{"line":239,"column":29},"end":{"line":239,"column":39}},"67":{"start":{"line":241,"column":8},"end":{"line":245,"column":9}},"68":{"start":{"line":242,"column":28},"end":{"line":242,"column":38}},"69":{"start":{"line":244,"column":10},"end":{"line":244,"column":26}},"70":{"start":{"line":250,"column":14},"end":{"line":282,"column":3}},"71":{"start":{"line":251,"column":26},"end":{"line":251,"column":38}},"72":{"start":{"line":252,"column":48},"end":{"line":252,"column":58}},"73":{"start":{"line":253,"column":16},"end":{"line":253,"column":25}},"74":{"start":{"line":256,"column":4},"end":{"line":272,"column":5}},"75":{"start":{"line":257,"column":6},"end":{"line":257,"column":29}},"76":{"start":{"line":259,"column":6},"end":{"line":271,"column":7}},"77":{"start":{"line":260,"column":30},"end":{"line":260,"column":45}},"78":{"start":{"line":261,"column":29},"end":{"line":261,"column":75}},"79":{"start":{"line":262,"column":29},"end":{"line":262,"column":62}},"80":{"start":{"line":263,"column":8},"end":{"line":263,"column":92}},"81":{"start":{"line":265,"column":8},"end":{"line":268,"column":11}},"82":{"start":{"line":270,"column":8},"end":{"line":270,"column":35}},"83":{"start":{"line":275,"column":4},"end":{"line":277,"column":5}},"84":{"start":{"line":276,"column":6},"end":{"line":276,"column":29}},"85":{"start":{"line":279,"column":4},"end":{"line":281,"column":5}},"86":{"start":{"line":280,"column":6},"end":{"line":280,"column":30}},"87":{"start":{"line":284,"column":12},"end":{"line":291,"column":3}},"88":{"start":{"line":285,"column":26},"end":{"line":285,"column":38}},"89":{"start":{"line":286,"column":24},"end":{"line":286,"column":34}},"90":{"start":{"line":288,"column":4},"end":{"line":290,"column":5}},"91":{"start":{"line":289,"column":6},"end":{"line":289,"column":32}},"92":{"start":{"line":293,"column":12},"end":{"line":317,"column":3}},"93":{"start":{"line":294,"column":4},"end":{"line":294,"column":27}},"94":{"start":{"line":296,"column":24},"end":{"line":296,"column":59}},"95":{"start":{"line":297,"column":18},"end":{"line":297,"column":79}},"96":{"start":{"line":298,"column":28},"end":{"line":298,"column":43}},"97":{"start":{"line":300,"column":4},"end":{"line":316,"column":6}},"98":{"start":{"line":306,"column":38},"end":{"line":306,"column":48}},"99":{"start":{"line":308,"column":8},"end":{"line":310,"column":9}},"100":{"start":{"line":309,"column":10},"end":{"line":309,"column":25}},"101":{"start":{"line":312,"column":8},"end":{"line":314,"column":9}},"102":{"start":{"line":313,"column":10},"end":{"line":313,"column":26}},"103":{"start":{"line":320,"column":53},"end":{"line":320,"column":63}},"104":{"start":{"line":322,"column":4},"end":{"line":336,"column":6}}},"fnMap":{"0":{"name":"(anonymous_0)","decl":{"start":{"line":81,"column":2},"end":{"line":81,"column":3}},"loc":{"start":{"line":81,"column":43},"end":{"line":92,"column":3}},"line":81},"1":{"name":"(anonymous_1)","decl":{"start":{"line":94,"column":2},"end":{"line":94,"column":3}},"loc":{"start":{"line":94,"column":22},"end":{"line":101,"column":3}},"line":94},"2":{"name":"(anonymous_2)","decl":{"start":{"line":103,"column":2},"end":{"line":103,"column":3}},"loc":{"start":{"line":103,"column":87},"end":{"line":119,"column":3}},"line":103},"3":{"name":"(anonymous_3)","decl":{"start":{"line":114,"column":8},"end":{"line":114,"column":9}},"loc":{"start":{"line":114,"column":14},"end":{"line":116,"column":9}},"line":114},"4":{"name":"(anonymous_4)","decl":{"start":{"line":121,"column":2},"end":{"line":121,"column":3}},"loc":{"start":{"line":121,"column":20},"end":{"line":123,"column":3}},"line":121},"5":{"name":"(anonymous_5)","decl":{"start":{"line":125,"column":2},"end":{"line":125,"column":3}},"loc":{"start":{"line":125,"column":13},"end":{"line":133,"column":3}},"line":125},"6":{"name":"(anonymous_6)","decl":{"start":{"line":135,"column":2},"end":{"line":135,"column":3}},"loc":{"start":{"line":135,"column":60},"end":{"line":142,"column":3}},"line":135},"7":{"name":"(anonymous_7)","decl":{"start":{"line":144,"column":2},"end":{"line":144,"column":3}},"loc":{"start":{"line":144,"column":21},"end":{"line":152,"column":3}},"line":144},"8":{"name":"(anonymous_8)","decl":{"start":{"line":154,"column":2},"end":{"line":154,"column":3}},"loc":{"start":{"line":154,"column":70},"end":{"line":157,"column":3}},"line":154},"9":{"name":"(anonymous_9)","decl":{"start":{"line":159,"column":18},"end":{"line":159,"column":19}},"loc":{"start":{"line":159,"column":64},"end":{"line":166,"column":3}},"line":159},"10":{"name":"(anonymous_10)","decl":{"start":{"line":168,"column":2},"end":{"line":168,"column":3}},"loc":{"start":{"line":168,"column":81},"end":{"line":202,"column":3}},"line":168},"11":{"name":"(anonymous_11)","decl":{"start":{"line":194,"column":13},"end":{"line":194,"column":14}},"loc":{"start":{"line":194,"column":21},"end":{"line":194,"column":32}},"line":194},"12":{"name":"(anonymous_12)","decl":{"start":{"line":204,"column":11},"end":{"line":204,"column":12}},"loc":{"start":{"line":204,"column":57},"end":{"line":213,"column":3}},"line":204},"13":{"name":"(anonymous_13)","decl":{"start":{"line":215,"column":12},"end":{"line":215,"column":13}},"loc":{"start":{"line":215,"column":58},"end":{"line":223,"column":3}},"line":215},"14":{"name":"(anonymous_14)","decl":{"start":{"line":225,"column":12},"end":{"line":225,"column":13}},"loc":{"start":{"line":225,"column":35},"end":{"line":248,"column":3}},"line":225},"15":{"name":"(anonymous_15)","decl":{"start":{"line":238,"column":6},"end":{"line":238,"column":7}},"loc":{"start":{"line":238,"column":12},"end":{"line":246,"column":7}},"line":238},"16":{"name":"(anonymous_16)","decl":{"start":{"line":250,"column":14},"end":{"line":250,"column":15}},"loc":{"start":{"line":250,"column":37},"end":{"line":282,"column":3}},"line":250},"17":{"name":"(anonymous_17)","decl":{"start":{"line":284,"column":12},"end":{"line":284,"column":13}},"loc":{"start":{"line":284,"column":35},"end":{"line":291,"column":3}},"line":284},"18":{"name":"(anonymous_18)","decl":{"start":{"line":293,"column":12},"end":{"line":293,"column":13}},"loc":{"start":{"line":293,"column":45},"end":{"line":317,"column":3}},"line":293},"19":{"name":"(anonymous_19)","decl":{"start":{"line":305,"column":6},"end":{"line":305,"column":7}},"loc":{"start":{"line":305,"column":12},"end":{"line":315,"column":7}},"line":305},"20":{"name":"(anonymous_20)","decl":{"start":{"line":319,"column":2},"end":{"line":319,"column":3}},"loc":{"start":{"line":319,"column":11},"end":{"line":337,"column":3}},"line":319}},"branchMap":{"0":{"loc":{"start":{"line":97,"column":4},"end":{"line":100,"column":5}},"type":"if","locations":[{"start":{"line":97,"column":4},"end":{"line":100,"column":5}},{"start":{"line":97,"column":4},"end":{"line":100,"column":5}}],"line":97},"1":{"loc":{"start":{"line":97,"column":8},"end":{"line":97,"column":33}},"type":"binary-expr","locations":[{"start":{"line":97,"column":8},"end":{"line":97,"column":13}},{"start":{"line":97,"column":17},"end":{"line":97,"column":33}}],"line":97},"2":{"loc":{"start":{"line":105,"column":32},"end":{"line":105,"column":102}},"type":"binary-expr","locations":[{"start":{"line":105,"column":32},"end":{"line":105,"column":73}},{"start":{"line":105,"column":77},"end":{"line":105,"column":102}}],"line":105},"3":{"loc":{"start":{"line":108,"column":4},"end":{"line":118,"column":5}},"type":"if","locations":[{"start":{"line":108,"column":4},"end":{"line":118,"column":5}},{"start":{"line":108,"column":4},"end":{"line":118,"column":5}}],"line":108},"4":{"loc":{"start":{"line":108,"column":8},"end":{"line":108,"column":44}},"type":"binary-expr","locations":[{"start":{"line":108,"column":8},"end":{"line":108,"column":27}},{"start":{"line":108,"column":31},"end":{"line":108,"column":44}}],"line":108},"5":{"loc":{"start":{"line":111,"column":25},"end":{"line":111,"column":105}},"type":"cond-expr","locations":[{"start":{"line":111,"column":47},"end":{"line":111,"column":79}},{"start":{"line":111,"column":82},"end":{"line":111,"column":105}}],"line":111},"6":{"loc":{"start":{"line":112,"column":17},"end":{"line":112,"column":78}},"type":"cond-expr","locations":[{"start":{"line":112,"column":33},"end":{"line":112,"column":60}},{"start":{"line":112,"column":63},"end":{"line":112,"column":78}}],"line":112},"7":{"loc":{"start":{"line":122,"column":11},"end":{"line":122,"column":92}},"type":"cond-expr","locations":[{"start":{"line":122,"column":39},"end":{"line":122,"column":67}},{"start":{"line":122,"column":70},"end":{"line":122,"column":92}}],"line":122},"8":{"loc":{"start":{"line":138,"column":16},"end":{"line":138,"column":34}},"type":"binary-expr","locations":[{"start":{"line":138,"column":16},"end":{"line":138,"column":25}},{"start":{"line":138,"column":29},"end":{"line":138,"column":34}}],"line":138},"9":{"loc":{"start":{"line":139,"column":16},"end":{"line":139,"column":41}},"type":"binary-expr","locations":[{"start":{"line":139,"column":16},"end":{"line":139,"column":24}},{"start":{"line":139,"column":28},"end":{"line":139,"column":41}}],"line":139},"10":{"loc":{"start":{"line":148,"column":19},"end":{"line":148,"column":69}},"type":"binary-expr","locations":[{"start":{"line":148,"column":19},"end":{"line":148,"column":49}},{"start":{"line":148,"column":53},"end":{"line":148,"column":69}}],"line":148},"11":{"loc":{"start":{"line":154,"column":28},"end":{"line":154,"column":68}},"type":"default-arg","locations":[{"start":{"line":154,"column":58},"end":{"line":154,"column":68}}],"line":154},"12":{"loc":{"start":{"line":155,"column":26},"end":{"line":155,"column":82}},"type":"cond-expr","locations":[{"start":{"line":155,"column":58},"end":{"line":155,"column":78}},{"start":{"line":155,"column":81},"end":{"line":155,"column":82}}],"line":155},"13":{"loc":{"start":{"line":156,"column":11},"end":{"line":156,"column":45}},"type":"cond-expr","locations":[{"start":{"line":156,"column":25},"end":{"line":156,"column":38}},{"start":{"line":156,"column":41},"end":{"line":156,"column":45}}],"line":156},"14":{"loc":{"start":{"line":168,"column":31},"end":{"line":168,"column":71}},"type":"default-arg","locations":[{"start":{"line":168,"column":61},"end":{"line":168,"column":71}}],"line":168},"15":{"loc":{"start":{"line":171,"column":4},"end":{"line":173,"column":5}},"type":"if","locations":[{"start":{"line":171,"column":4},"end":{"line":173,"column":5}},{"start":{"line":171,"column":4},"end":{"line":173,"column":5}}],"line":171},"16":{"loc":{"start":{"line":175,"column":4},"end":{"line":177,"column":5}},"type":"if","locations":[{"start":{"line":175,"column":4},"end":{"line":177,"column":5}},{"start":{"line":175,"column":4},"end":{"line":177,"column":5}}],"line":175},"17":{"loc":{"start":{"line":184,"column":15},"end":{"line":184,"column":51}},"type":"cond-expr","locations":[{"start":{"line":184,"column":27},"end":{"line":184,"column":42}},{"start":{"line":184,"column":45},"end":{"line":184,"column":51}}],"line":184},"18":{"loc":{"start":{"line":186,"column":4},"end":{"line":196,"column":5}},"type":"if","locations":[{"start":{"line":186,"column":4},"end":{"line":196,"column":5}},{"start":{"line":186,"column":4},"end":{"line":196,"column":5}}],"line":186},"19":{"loc":{"start":{"line":210,"column":4},"end":{"line":212,"column":5}},"type":"if","locations":[{"start":{"line":210,"column":4},"end":{"line":212,"column":5}},{"start":{"line":210,"column":4},"end":{"line":212,"column":5}}],"line":210},"20":{"loc":{"start":{"line":220,"column":4},"end":{"line":222,"column":5}},"type":"if","locations":[{"start":{"line":220,"column":4},"end":{"line":222,"column":5}},{"start":{"line":220,"column":4},"end":{"line":222,"column":5}}],"line":220},"21":{"loc":{"start":{"line":229,"column":4},"end":{"line":231,"column":5}},"type":"if","locations":[{"start":{"line":229,"column":4},"end":{"line":231,"column":5}},{"start":{"line":229,"column":4},"end":{"line":231,"column":5}}],"line":229},"22":{"loc":{"start":{"line":241,"column":8},"end":{"line":245,"column":9}},"type":"if","locations":[{"start":{"line":241,"column":8},"end":{"line":245,"column":9}},{"start":{"line":241,"column":8},"end":{"line":245,"column":9}}],"line":241},"23":{"loc":{"start":{"line":256,"column":4},"end":{"line":272,"column":5}},"type":"if","locations":[{"start":{"line":256,"column":4},"end":{"line":272,"column":5}},{"start":{"line":256,"column":4},"end":{"line":272,"column":5}}],"line":256},"24":{"loc":{"start":{"line":259,"column":6},"end":{"line":271,"column":7}},"type":"if","locations":[{"start":{"line":259,"column":6},"end":{"line":271,"column":7}},{"start":{"line":259,"column":6},"end":{"line":271,"column":7}}],"line":259},"25":{"loc":{"start":{"line":263,"column":46},"end":{"line":263,"column":90}},"type":"cond-expr","locations":[{"start":{"line":263,"column":77},"end":{"line":263,"column":81}},{"start":{"line":263,"column":84},"end":{"line":263,"column":90}}],"line":263},"26":{"loc":{"start":{"line":263,"column":46},"end":{"line":263,"column":74}},"type":"binary-expr","locations":[{"start":{"line":263,"column":46},"end":{"line":263,"column":58}},{"start":{"line":263,"column":62},"end":{"line":263,"column":74}}],"line":263},"27":{"loc":{"start":{"line":275,"column":4},"end":{"line":277,"column":5}},"type":"if","locations":[{"start":{"line":275,"column":4},"end":{"line":277,"column":5}},{"start":{"line":275,"column":4},"end":{"line":277,"column":5}}],"line":275},"28":{"loc":{"start":{"line":275,"column":8},"end":{"line":275,"column":89}},"type":"binary-expr","locations":[{"start":{"line":275,"column":8},"end":{"line":275,"column":17}},{"start":{"line":275,"column":21},"end":{"line":275,"column":35}},{"start":{"line":275,"column":39},"end":{"line":275,"column":56}},{"start":{"line":275,"column":60},"end":{"line":275,"column":89}}],"line":275},"29":{"loc":{"start":{"line":279,"column":4},"end":{"line":281,"column":5}},"type":"if","locations":[{"start":{"line":279,"column":4},"end":{"line":281,"column":5}},{"start":{"line":279,"column":4},"end":{"line":281,"column":5}}],"line":279},"30":{"loc":{"start":{"line":288,"column":4},"end":{"line":290,"column":5}},"type":"if","locations":[{"start":{"line":288,"column":4},"end":{"line":290,"column":5}},{"start":{"line":288,"column":4},"end":{"line":290,"column":5}}],"line":288},"31":{"loc":{"start":{"line":308,"column":8},"end":{"line":310,"column":9}},"type":"if","locations":[{"start":{"line":308,"column":8},"end":{"line":310,"column":9}},{"start":{"line":308,"column":8},"end":{"line":310,"column":9}}],"line":308},"32":{"loc":{"start":{"line":312,"column":8},"end":{"line":314,"column":9}},"type":"if","locations":[{"start":{"line":312,"column":8},"end":{"line":314,"column":9}},{"start":{"line":312,"column":8},"end":{"line":314,"column":9}}],"line":312}},"s":{"0":1,"1":1,"2":1,"3":43,"4":43,"5":43,"6":43,"7":44,"8":44,"9":6,"10":6,"11":21,"12":21,"13":21,"14":21,"15":5,"16":5,"17":17,"18":3,"19":3,"20":3,"21":3,"22":3,"23":12,"24":12,"25":12,"26":12,"27":11,"28":11,"29":11,"30":11,"31":11,"32":44,"33":44,"34":43,"35":4,"36":4,"37":4,"38":4,"39":51,"40":51,"41":1,"42":50,"43":1,"44":49,"45":49,"46":7,"47":12,"48":49,"49":43,"50":2,"51":2,"52":2,"53":2,"54":1,"55":43,"56":2,"57":2,"58":2,"59":0,"60":43,"61":4,"62":4,"63":4,"64":1,"65":3,"66":3,"67":3,"68":3,"69":3,"70":43,"71":6,"72":6,"73":6,"74":6,"75":4,"76":4,"77":3,"78":3,"79":3,"80":3,"81":3,"82":1,"83":6,"84":1,"85":6,"86":1,"87":43,"88":1,"89":1,"90":1,"91":1,"92":43,"93":1,"94":1,"95":1,"96":1,"97":1,"98":1,"99":1,"100":1,"101":1,"102":1,"103":64,"104":64},"f":{"0":43,"1":44,"2":21,"3":5,"4":17,"5":3,"6":12,"7":11,"8":44,"9":4,"10":51,"11":12,"12":2,"13":2,"14":4,"15":3,"16":6,"17":1,"18":1,"19":1,"20":64},"b":{"0":[6,38],"1":[44,6],"2":[21,20],"3":[5,16],"4":[21,20],"5":[1,4],"6":[4,1],"7":[2,15],"8":[12,11],"9":[12,12],"10":[11,2],"11":[1],"12":[2,42],"13":[6,38],"14":[8],"15":[1,50],"16":[1,49],"17":[7,42],"18":[7,42],"19":[1,1],"20":[0,2],"21":[1,3],"22":[3,0],"23":[4,2],"24":[3,1],"25":[2,1],"26":[3,2],"27":[1,5],"28":[6,6,6,6],"29":[1,5],"30":[1,0],"31":[1,0],"32":[1,0]},"_coverageSchema":"43e27e138ebf9cfc5966b082cf9a028302ed4184","hash":"44dc2ff46ddade3fe80b0f84a993a43011820219"}}}